Linked: (/home/hyun1270/competition_ws/woohyun_ws/devel/.private/go_to_poi/include/go_to_poi/poi.h, /home/hyun1270/competition_ws/woohyun_ws/devel/include/go_to_poi/poi.h)
Linked: (/home/hyun1270/competition_ws/woohyun_ws/devel/.private/go_to_poi/share/common-lisp/ros/go_to_poi/msg/_package.lisp, /home/hyun1270/competition_ws/woohyun_ws/devel/share/common-lisp/ros/go_to_poi/msg/_package.lisp)
Linked: (/home/hyun1270/competition_ws/woohyun_ws/devel/.private/go_to_poi/share/common-lisp/ros/go_to_poi/msg/go_to_poi-msg.asd, /home/hyun1270/competition_ws/woohyun_ws/devel/share/common-lisp/ros/go_to_poi/msg/go_to_poi-msg.asd)
Linked: (/home/hyun1270/competition_ws/woohyun_ws/devel/.private/go_to_poi/share/common-lisp/ros/go_to_poi/msg/poi.lisp, /home/hyun1270/competition_ws/woohyun_ws/devel/share/common-lisp/ros/go_to_poi/msg/poi.lisp)
Linked: (/home/hyun1270/competition_ws/woohyun_ws/devel/.private/go_to_poi/share/common-lisp/ros/go_to_poi/msg/_package_poi.lisp, /home/hyun1270/competition_ws/woohyun_ws/devel/share/common-lisp/ros/go_to_poi/msg/_package_poi.lisp)
Linked: (/home/hyun1270/competition_ws/woohyun_ws/devel/.private/go_to_poi/share/roseus/ros/go_to_poi/manifest.l, /home/hyun1270/competition_ws/woohyun_ws/devel/share/roseus/ros/go_to_poi/manifest.l)
Linked: (/home/hyun1270/competition_ws/woohyun_ws/devel/.private/go_to_poi/share/roseus/ros/go_to_poi/msg/poi.l, /home/hyun1270/competition_ws/woohyun_ws/devel/share/roseus/ros/go_to_poi/msg/poi.l)
Linked: (/home/hyun1270/competition_ws/woohyun_ws/devel/.private/go_to_poi/share/go_to_poi/cmake/go_to_poi-msg-paths.cmake, /home/hyun1270/competition_ws/woohyun_ws/devel/share/go_to_poi/cmake/go_to_poi-msg-paths.cmake)
Linked: (/home/hyun1270/competition_ws/woohyun_ws/devel/.private/go_to_poi/share/go_to_poi/cmake/go_to_poiConfig-version.cmake, /home/hyun1270/competition_ws/woohyun_ws/devel/share/go_to_poi/cmake/go_to_poiConfig-version.cmake)
Linked: (/home/hyun1270/competition_ws/woohyun_ws/devel/.private/go_to_poi/share/go_to_poi/cmake/go_to_poiConfig.cmake, /home/hyun1270/competition_ws/woohyun_ws/devel/share/go_to_poi/cmake/go_to_poiConfig.cmake)
Linked: (/home/hyun1270/competition_ws/woohyun_ws/devel/.private/go_to_poi/share/go_to_poi/cmake/go_to_poi-msg-extras.cmake, /home/hyun1270/competition_ws/woohyun_ws/devel/share/go_to_poi/cmake/go_to_poi-msg-extras.cmake)
Linked: (/home/hyun1270/competition_ws/woohyun_ws/devel/.private/go_to_poi/share/gennodejs/ros/go_to_poi/_index.js, /home/hyun1270/competition_ws/woohyun_ws/devel/share/gennodejs/ros/go_to_poi/_index.js)
Linked: (/home/hyun1270/competition_ws/woohyun_ws/devel/.private/go_to_poi/share/gennodejs/ros/go_to_poi/msg/poi.js, /home/hyun1270/competition_ws/woohyun_ws/devel/share/gennodejs/ros/go_to_poi/msg/poi.js)
Linked: (/home/hyun1270/competition_ws/woohyun_ws/devel/.private/go_to_poi/share/gennodejs/ros/go_to_poi/msg/_index.js, /home/hyun1270/competition_ws/woohyun_ws/devel/share/gennodejs/ros/go_to_poi/msg/_index.js)
Linked: (/home/hyun1270/competition_ws/woohyun_ws/devel/.private/go_to_poi/lib/pkgconfig/go_to_poi.pc, /home/hyun1270/competition_ws/woohyun_ws/devel/lib/pkgconfig/go_to_poi.pc)
Linked: (/home/hyun1270/competition_ws/woohyun_ws/devel/.private/go_to_poi/lib/go_to_poi/go_to_poi, /home/hyun1270/competition_ws/woohyun_ws/devel/lib/go_to_poi/go_to_poi)
Symlinking /home/hyun1270/competition_ws/woohyun_ws/devel/lib/go_to_poi/talker_pose
Linked: (/home/hyun1270/competition_ws/woohyun_ws/devel/.private/go_to_poi/lib/go_to_poi/talker_poi, /home/hyun1270/competition_ws/woohyun_ws/devel/lib/go_to_poi/talker_poi)
Linked: (/home/hyun1270/competition_ws/woohyun_ws/devel/.private/go_to_poi/lib/python2.7/dist-packages/go_to_poi/__init__.py, /home/hyun1270/competition_ws/woohyun_ws/devel/lib/python2.7/dist-packages/go_to_poi/__init__.py)
Linked: (/home/hyun1270/competition_ws/woohyun_ws/devel/.private/go_to_poi/lib/python2.7/dist-packages/go_to_poi/msg/__init__.py, /home/hyun1270/competition_ws/woohyun_ws/devel/lib/python2.7/dist-packages/go_to_poi/msg/__init__.py)
Linked: (/home/hyun1270/competition_ws/woohyun_ws/devel/.private/go_to_poi/lib/python2.7/dist-packages/go_to_poi/msg/_poi.py, /home/hyun1270/competition_ws/woohyun_ws/devel/lib/python2.7/dist-packages/go_to_poi/msg/_poi.py)
