[35m[1mScanning dependencies of target talker_poi[0m
[35m[1mScanning dependencies of target talker_pose[0m
[35m[1mScanning dependencies of target go_to_poi[0m
[  0%] Built target geometry_msgs_generate_messages_cpp
[  0%] Built target geometry_msgs_generate_messages_lisp
[  0%] Built target geometry_msgs_generate_messages_nodejs
[  0%] Built target geometry_msgs_generate_messages_py
[ 15%] [32mBuilding CXX object CMakeFiles/talker_pose.dir/src/talker_pose.cpp.o[0m
[ 15%] [32mBuilding CXX object CMakeFiles/talker_poi.dir/src/talker_poi.cpp.o[0m
[ 23%] [32mBuilding CXX object CMakeFiles/go_to_poi.dir/src/go_to_poi.cpp.o[0m
[ 23%] Built target geometry_msgs_generate_messages_eus
[ 23%] Built target _go_to_poi_generate_messages_check_deps_poi
[ 38%] [32m[1mLinking CXX executable /home/hyun1270/competition_ws/woohyun_ws/devel/.private/go_to_poi/lib/go_to_poi/talker_poi[0m
[ 38%] [32m[1mLinking CXX executable /home/hyun1270/competition_ws/woohyun_ws/devel/.private/go_to_poi/lib/go_to_poi/talker_pose[0m
[ 46%] Built target go_to_poi_generate_messages_cpp
[ 53%] Built target go_to_poi_generate_messages_nodejs
[ 69%] Built target go_to_poi_generate_messages_py
[ 76%] Built target go_to_poi_generate_messages_lisp
[ 92%] Built target go_to_poi_generate_messages_eus
[ 92%] Built target go_to_poi_generate_messages
[ 92%] Built target talker_poi
[ 92%] Built target talker_pose
[100%] [32m[1mLinking CXX executable /home/hyun1270/competition_ws/woohyun_ws/devel/.private/go_to_poi/lib/go_to_poi/go_to_poi[0m
[100%] Built target go_to_poi
