Determining if the pthread_create exist failed with the following output:
Change Dir: /home/hyun1270/competition_ws/woohyun_ws/build/catkin_tools_prebuild/CMakeFiles/CMakeTmp

Run Build Command:"/usr/bin/make" "cmTC_55273/fast"
/usr/bin/make -f CMakeFiles/cmTC_55273.dir/build.make CMakeFiles/cmTC_55273.dir/build
make[1]: Entering directory '/home/hyun1270/competition_ws/woohyun_ws/build/catkin_tools_prebuild/CMakeFiles/CMakeTmp'
Building C object CMakeFiles/cmTC_55273.dir/CheckSymbolExists.c.o
/usr/lib/ccache/cc    -o CMakeFiles/cmTC_55273.dir/CheckSymbolExists.c.o   -c /home/hyun1270/competition_ws/woohyun_ws/build/catkin_tools_prebuild/CMakeFiles/CMakeTmp/CheckSymbolExists.c
Linking C executable cmTC_55273
/usr/bin/cmake -E cmake_link_script CMakeFiles/cmTC_55273.dir/link.txt --verbose=1
/usr/lib/ccache/cc      -rdynamic CMakeFiles/cmTC_55273.dir/CheckSymbolExists.c.o  -o cmTC_55273 
CMakeFiles/cmTC_55273.dir/CheckSymbolExists.c.o: In function `main':
CheckSymbolExists.c:(.text+0x1b): undefined reference to `pthread_create'
collect2: error: ld returned 1 exit status
CMakeFiles/cmTC_55273.dir/build.make:97: recipe for target 'cmTC_55273' failed
make[1]: *** [cmTC_55273] Error 1
make[1]: Leaving directory '/home/hyun1270/competition_ws/woohyun_ws/build/catkin_tools_prebuild/CMakeFiles/CMakeTmp'
Makefile:126: recipe for target 'cmTC_55273/fast' failed
make: *** [cmTC_55273/fast] Error 2

File /home/hyun1270/competition_ws/woohyun_ws/build/catkin_tools_prebuild/CMakeFiles/CMakeTmp/CheckSymbolExists.c:
/* */
#include <pthread.h>

int main(int argc, char** argv)
{
  (void)argv;
#ifndef pthread_create
  return ((int*)(&pthread_create))[argc];
#else
  (void)argc;
  return 0;
#endif
}

Determining if the function pthread_create exists in the pthreads failed with the following output:
Change Dir: /home/hyun1270/competition_ws/woohyun_ws/build/catkin_tools_prebuild/CMakeFiles/CMakeTmp

Run Build Command:"/usr/bin/make" "cmTC_003ee/fast"
/usr/bin/make -f CMakeFiles/cmTC_003ee.dir/build.make CMakeFiles/cmTC_003ee.dir/build
make[1]: Entering directory '/home/hyun1270/competition_ws/woohyun_ws/build/catkin_tools_prebuild/CMakeFiles/CMakeTmp'
Building C object CMakeFiles/cmTC_003ee.dir/CheckFunctionExists.c.o
/usr/lib/ccache/cc   -DCHECK_FUNCTION_EXISTS=pthread_create   -o CMakeFiles/cmTC_003ee.dir/CheckFunctionExists.c.o   -c /usr/share/cmake-3.10/Modules/CheckFunctionExists.c
Linking C executable cmTC_003ee
/usr/bin/cmake -E cmake_link_script CMakeFiles/cmTC_003ee.dir/link.txt --verbose=1
/usr/lib/ccache/cc  -DCHECK_FUNCTION_EXISTS=pthread_create    -rdynamic CMakeFiles/cmTC_003ee.dir/CheckFunctionExists.c.o  -o cmTC_003ee -lpthreads 
/usr/bin/ld: cannot find -lpthreads
collect2: error: ld returned 1 exit status
CMakeFiles/cmTC_003ee.dir/build.make:97: recipe for target 'cmTC_003ee' failed
make[1]: *** [cmTC_003ee] Error 1
make[1]: Leaving directory '/home/hyun1270/competition_ws/woohyun_ws/build/catkin_tools_prebuild/CMakeFiles/CMakeTmp'
Makefile:126: recipe for target 'cmTC_003ee/fast' failed
make: *** [cmTC_003ee/fast] Error 2


