Determining if the pthread_create exist failed with the following output:
Change Dir: /home/hyun1270/competition_ws/woohyun_ws/build/go_to_poi/CMakeFiles/CMakeTmp

Run Build Command:"/usr/bin/make" "cmTC_52b5d/fast"
/usr/bin/make -f CMakeFiles/cmTC_52b5d.dir/build.make CMakeFiles/cmTC_52b5d.dir/build
make[1]: Entering directory '/home/hyun1270/competition_ws/woohyun_ws/build/go_to_poi/CMakeFiles/CMakeTmp'
Building C object CMakeFiles/cmTC_52b5d.dir/CheckSymbolExists.c.o
/usr/lib/ccache/cc    -o CMakeFiles/cmTC_52b5d.dir/CheckSymbolExists.c.o   -c /home/hyun1270/competition_ws/woohyun_ws/build/go_to_poi/CMakeFiles/CMakeTmp/CheckSymbolExists.c
Linking C executable cmTC_52b5d
/usr/bin/cmake -E cmake_link_script CMakeFiles/cmTC_52b5d.dir/link.txt --verbose=1
/usr/lib/ccache/cc      -rdynamic CMakeFiles/cmTC_52b5d.dir/CheckSymbolExists.c.o  -o cmTC_52b5d 
CMakeFiles/cmTC_52b5d.dir/CheckSymbolExists.c.o: In function `main':
CheckSymbolExists.c:(.text+0x1b): undefined reference to `pthread_create'
collect2: error: ld returned 1 exit status
CMakeFiles/cmTC_52b5d.dir/build.make:97: recipe for target 'cmTC_52b5d' failed
make[1]: *** [cmTC_52b5d] Error 1
make[1]: Leaving directory '/home/hyun1270/competition_ws/woohyun_ws/build/go_to_poi/CMakeFiles/CMakeTmp'
Makefile:126: recipe for target 'cmTC_52b5d/fast' failed
make: *** [cmTC_52b5d/fast] Error 2

File /home/hyun1270/competition_ws/woohyun_ws/build/go_to_poi/CMakeFiles/CMakeTmp/CheckSymbolExists.c:
/* */
#include <pthread.h>

int main(int argc, char** argv)
{
  (void)argv;
#ifndef pthread_create
  return ((int*)(&pthread_create))[argc];
#else
  (void)argc;
  return 0;
#endif
}

Determining if the function pthread_create exists in the pthreads failed with the following output:
Change Dir: /home/hyun1270/competition_ws/woohyun_ws/build/go_to_poi/CMakeFiles/CMakeTmp

Run Build Command:"/usr/bin/make" "cmTC_3dd4a/fast"
/usr/bin/make -f CMakeFiles/cmTC_3dd4a.dir/build.make CMakeFiles/cmTC_3dd4a.dir/build
make[1]: Entering directory '/home/hyun1270/competition_ws/woohyun_ws/build/go_to_poi/CMakeFiles/CMakeTmp'
Building C object CMakeFiles/cmTC_3dd4a.dir/CheckFunctionExists.c.o
/usr/lib/ccache/cc   -DCHECK_FUNCTION_EXISTS=pthread_create   -o CMakeFiles/cmTC_3dd4a.dir/CheckFunctionExists.c.o   -c /usr/share/cmake-3.10/Modules/CheckFunctionExists.c
Linking C executable cmTC_3dd4a
/usr/bin/cmake -E cmake_link_script CMakeFiles/cmTC_3dd4a.dir/link.txt --verbose=1
/usr/lib/ccache/cc  -DCHECK_FUNCTION_EXISTS=pthread_create    -rdynamic CMakeFiles/cmTC_3dd4a.dir/CheckFunctionExists.c.o  -o cmTC_3dd4a -lpthreads 
/usr/bin/ld: cannot find -lpthreads
collect2: error: ld returned 1 exit status
CMakeFiles/cmTC_3dd4a.dir/build.make:97: recipe for target 'cmTC_3dd4a' failed
make[1]: *** [cmTC_3dd4a] Error 1
make[1]: Leaving directory '/home/hyun1270/competition_ws/woohyun_ws/build/go_to_poi/CMakeFiles/CMakeTmp'
Makefile:126: recipe for target 'cmTC_3dd4a/fast' failed
make: *** [cmTC_3dd4a/fast] Error 2


